[1108/194732.563:ERROR:process_memory_win.cc(73)] ReadMemory at 0x7ff742260000 of 64 bytes failed: Only part of a ReadProcessMemory or WriteProcessMemory request was completed. (0x12B)
[1108/194732.653:WARNING:pe_image_reader.cc(340)] could not read dos header from C:\Program Files (x86)\Google\Chrome\Application\chrome.exe
[1108/194732.654:ERROR:process_memory_win.cc(73)] ReadMemory at 0x7ffdf3820000 of 64 bytes failed: Only part of a ReadProcessMemory or WriteProcessMemory request was completed. (0x12B)
[1108/194732.654:WARNING:pe_image_reader.cc(340)] could not read dos header from C:\WINDOWS\SYSTEM32\ntdll.dll
[1108/194732.654:ERROR:process_memory_win.cc(73)] ReadMemory at 0x7ffdf18d0000 of 64 bytes failed: Only part of a ReadProcessMemory or WriteProcessMemory request was completed. (0x12B)
[1108/194732.712:WARNING:pe_image_reader.cc(340)] could not read dos header from C:\WINDOWS\System32\KERNEL32.DLL
[1108/194732.712:ERROR:process_memory_win.cc(73)] ReadMemory at 0x7ffdf0a20000 of 64 bytes failed: Only part of a ReadProcessMemory or WriteProcessMemory request was completed. (0x12B)
[1108/194732.712:WARNING:pe_image_reader.cc(340)] could not read dos header from C:\WINDOWS\System32\KERNELBASE.dll
[1108/194732.712:ERROR:process_memory_win.cc(73)] ReadMemory at 0x7ffdbe9d0000 of 64 bytes failed: Only part of a ReadProcessMemory or WriteProcessMemory request was completed. (0x12B)
[1108/194732.712:WARNING:pe_image_reader.cc(340)] could not read dos header from C:\Program Files (x86)\Google\Chrome\Application\85.0.4183.102\chrome_elf.dll
[1108/194732.713:ERROR:process_memory_win.cc(73)] ReadMemory at 0x7ffde8000000 of 64 bytes failed: Only part of a ReadProcessMemory or WriteProcessMemory request was completed. (0x12B)
[1108/194732.713:WARNING:pe_image_reader.cc(340)] could not read dos header from C:\WINDOWS\SYSTEM32\VERSION.dll
[1108/194732.713:ERROR:process_memory_win.cc(73)] ReadMemory at 0x7ffdf35c0000 of 64 bytes failed: Only part of a ReadProcessMemory or WriteProcessMemory request was completed. (0x12B)
[1108/194732.713:WARNING:pe_image_reader.cc(340)] could not read dos header from C:\WINDOWS\System32\msvcrt.dll
[1108/194732.713:ERROR:process_memory_win.cc(73)] ReadMemory at 0x7ffdf1600000 of 64 bytes failed: Only part of a ReadProcessMemory or WriteProcessMemory request was completed. (0x12B)
[1108/194732.713:WARNING:pe_image_reader.cc(340)] could not read dos header from C:\WINDOWS\System32\bcryptPrimitives.dll
[1108/194732.713:ERROR:process_memory_win.cc(73)] ReadMemory at 0x7ffdf2ef0000 of 64 bytes failed: Only part of a ReadProcessMemory or WriteProcessMemory request was completed. (0x12B)
[1108/194732.713:WARNING:pe_image_reader.cc(340)] could not read dos header from C:\WINDOWS\System32\ADVAPI32.dll
[1108/194732.713:ERROR:process_memory_win.cc(73)] ReadMemory at 0x19dda0a0000 of 64 bytes failed: Only part of a ReadProcessMemory or WriteProcessMemory request was completed. (0x12B)
[1108/194732.713:WARNING:pe_image_reader.cc(340)] could not read dos header from C:\WINDOWS\System32\sechost.dll
[1108/194732.713:ERROR:process_memory_win.cc(73)] ReadMemory at 0x7ffdf3300000 of 64 bytes failed: Only part of a ReadProcessMemory or WriteProcessMemory request was completed. (0x12B)
[1108/194732.714:WARNING:pe_image_reader.cc(340)] could not read dos header from C:\WINDOWS\System32\RPCRT4.dll
[1108/194732.714:ERROR:process_memory_win.cc(73)] ReadMemory at 0x7ffd8c120000 of 64 bytes failed: Only part of a ReadProcessMemory or WriteProcessMemory request was completed. (0x12B)
[1108/194732.714:WARNING:pe_image_reader.cc(340)] could not read dos header from C:\Program Files (x86)\Google\Chrome\Application\85.0.4183.102\chrome.dll
[1108/194732.714:ERROR:process_memory_win.cc(73)] ReadMemory at 0x7ffdf2fd0000 of 64 bytes failed: Only part of a ReadProcessMemory or WriteProcessMemory request was completed. (0x12B)
[1108/194732.714:WARNING:pe_image_reader.cc(340)] could not read dos header from C:\WINDOWS\System32\WS2_32.dll
[1108/194732.714:ERROR:process_memory_win.cc(73)] ReadMemory at 0x7ffdf3660000 of 64 bytes failed: Only part of a ReadProcessMemory or WriteProcessMemory request was completed. (0x12B)
[1108/194732.714:WARNING:pe_image_reader.cc(340)] could not read dos header from C:\WINDOWS\System32\OLEAUT32.dll
[1108/194732.714:ERROR:process_memory_win.cc(73)] ReadMemory at 0x7ffdf07f0000 of 64 bytes failed: Only part of a ReadProcessMemory or WriteProcessMemory request was completed. (0x12B)
[1108/194732.714:WARNING:pe_image_reader.cc(340)] could not read dos header from C:\WINDOWS\System32\msvcp_win.dll
[1108/194732.714:ERROR:process_memory_win.cc(73)] ReadMemory at 0x7ffdf0920000 of 64 bytes failed: Only part of a ReadProcessMemory or WriteProcessMemory request was completed. (0x12B)
[1108/194732.714:WARNING:pe_image_reader.cc(340)] could not read dos header from C:\WINDOWS\System32\ucrtbase.dll
[1108/194732.715:ERROR:process_memory_win.cc(73)] ReadMemory at 0x7ffdf2120000 of 64 bytes failed: Only part of a ReadProcessMemory or WriteProcessMemory request was completed. (0x12B)
[1108/194732.715:WARNING:pe_image_reader.cc(340)] could not read dos header from C:\WINDOWS\System32\combase.dll
[1108/194732.715:ERROR:process_memory_win.cc(73)] ReadMemory at 0x7ffdf0890000 of 64 bytes failed: Only part of a ReadProcessMemory or WriteProcessMemory request was completed. (0x12B)
[1108/194732.715:WARNING:pe_image_reader.cc(340)] could not read dos header from C:\WINDOWS\System32\WINTRUST.dll
[1108/194732.715:ERROR:process_memory_win.cc(73)] ReadMemory at 0x7ffdf0700000 of 64 bytes failed: Only part of a ReadProcessMemory or WriteProcessMemory request was completed. (0x12B)
[1108/194732.715:WARNING:pe_image_reader.cc(340)] could not read dos header from C:\WINDOWS\System32\MSASN1.dll
[1108/194732.715:ERROR:process_memory_win.cc(73)] ReadMemory at 0x7ffdf0cd0000 of 64 bytes failed: Only part of a ReadProcessMemory or WriteProcessMemory request was completed. (0x12B)
[1108/194732.715:WARNING:pe_image_reader.cc(340)] could not read dos header from C:\WINDOWS\System32\CRYPT32.dll
[1108/194732.715:ERROR:process_memory_win.cc(73)] ReadMemory at 0x7ffdefbe0000 of 64 bytes failed: Only part of a ReadProcessMemory or WriteProcessMemory request was completed. (0x12B)
[1108/194732.715:WARNING:pe_image_reader.cc(340)] could not read dos header from C:\WINDOWS\SYSTEM32\IPHLPAPI.DLL
[1108/194732.716:ERROR:process_memory_win.cc(73)] ReadMemory at 0x7ffdedd90000 of 64 bytes failed: Only part of a ReadProcessMemory or WriteProcessMemory request was completed. (0x12B)
[1108/194732.716:WARNING:pe_image_reader.cc(340)] could not read dos header from C:\WINDOWS\SYSTEM32\WINMM.dll
[1108/194732.716:ERROR:process_memory_win.cc(73)] ReadMemory at 0x7ffdc2c80000 of 64 bytes failed: Only part of a ReadProcessMemory or WriteProcessMemory request was completed. (0x12B)
[1108/194732.716:WARNING:pe_image_reader.cc(340)] could not read dos header from C:\WINDOWS\SYSTEM32\UIAutomationCore.DLL
[1108/194732.716:ERROR:process_memory_win.cc(73)] ReadMemory at 0x7ffddddc0000 of 64 bytes failed: Only part of a ReadProcessMemory or WriteProcessMemory request was completed. (0x12B)
[1108/194732.716:WARNING:pe_image_reader.cc(340)] could not read dos header from C:\WINDOWS\SYSTEM32\Secur32.dll
[1108/194732.716:ERROR:process_memory_win.cc(73)] ReadMemory at 0x7ffdf05f0000 of 64 bytes failed: Only part of a ReadProcessMemory or WriteProcessMemory request was completed. (0x12B)
[1108/194732.716:WARNING:pe_image_reader.cc(340)] could not read dos header from C:\WINDOWS\SYSTEM32\USERENV.dll
[1108/194732.716:ERROR:process_memory_win.cc(73)] ReadMemory at 0x7ffdf0770000 of 64 bytes failed: Only part of a ReadProcessMemory or WriteProcessMemory request was completed. (0x12B)
[1108/194732.716:WARNING:pe_image_reader.cc(340)] could not read dos header from C:\WINDOWS\System32\profapi.dll
[1108/194732.717:ERROR:process_memory_win.cc(73)] ReadMemory at 0x7ffde0e70000 of 64 bytes failed: Only part of a ReadProcessMemory or WriteProcessMemory request was completed. (0x12B)
[1108/194732.717:WARNING:pe_image_reader.cc(340)] could not read dos header from C:\WINDOWS\SYSTEM32\DWrite.dll
[1108/194732.717:ERROR:process_memory_win.cc(73)] ReadMemory at 0x7ffde9bd0000 of 64 bytes failed: Only part of a ReadProcessMemory or WriteProcessMemory request was completed. (0x12B)
[1108/194732.717:WARNING:pe_image_reader.cc(340)] could not read dos header from C:\WINDOWS\SYSTEM32\WINSPOOL.DRV
[1108/194732.717:ERROR:process_memory_win.cc(73)] ReadMemory at 0x7ffdf06e0000 of 64 bytes failed: Only part of a ReadProcessMemory or WriteProcessMemory request was completed. (0x12B)
[1108/194732.717:WARNING:pe_image_reader.cc(340)] could not read dos header from C:\WINDOWS\System32\kernel.appcore.dll
[1108/194732.717:ERROR:process_memory_win.cc(73)] ReadMemory at 0x7ffdf15b0000 of 64 bytes failed: Only part of a ReadProcessMemory or WriteProcessMemory request was completed. (0x12B)
[1108/194732.717:WARNING:pe_image_reader.cc(340)] could not read dos header from C:\WINDOWS\System32\bcrypt.dll
[1108/194732.718:ERROR:process_memory_win.cc(73)] ReadMemory at 0x7ffdeee90000 of 64 bytes failed: Only part of a ReadProcessMemory or WriteProcessMemory request was completed. (0x12B)
[1108/194732.718:WARNING:pe_image_reader.cc(340)] could not read dos header from C:\WINDOWS\SYSTEM32\dbghelp.dll
[1108/194732.718:ERROR:process_memory_win.cc(73)] ReadMemory at 0x7ffde87f0000 of 64 bytes failed: Only part of a ReadProcessMemory or WriteProcessMemory request was completed. (0x12B)
[1108/194732.718:WARNING:pe_image_reader.cc(340)] could not read dos header from C:\WINDOWS\SYSTEM32\WINHTTP.dll
[1108/194732.718:ERROR:process_memory_win.cc(73)] ReadMemory at 0x7ffde7ee0000 of 64 bytes failed: Only part of a ReadProcessMemory or WriteProcessMemory request was completed. (0x12B)
[1108/194732.718:WARNING:pe_image_reader.cc(340)] could not read dos header from C:\WINDOWS\SYSTEM32\dhcpcsvc.DLL
[1108/194732.718:ERROR:process_memory_win.cc(73)] ReadMemory at 0x7ffdf1f50000 of 64 bytes failed: Only part of a ReadProcessMemory or WriteProcessMemory request was completed. (0x12B)
[1108/194732.718:WARNING:pe_image_reader.cc(340)] could not read dos header from C:\WINDOWS\System32\NSI.dll
[1108/194732.718:ERROR:process_memory_win.cc(73)] ReadMemory at 0x7ffdedd60000 of 64 bytes failed: Only part of a ReadProcessMemory or WriteProcessMemory request was completed. (0x12B)
[1108/194732.718:WARNING:pe_image_reader.cc(340)] could not read dos header from C:\WINDOWS\SYSTEM32\WINMMBASE.dll
[1108/194732.718:ERROR:process_memory_win.cc(73)] ReadMemory at 0x7ffdf07a0000 of 64 bytes failed: Only part of a ReadProcessMemory or WriteProcessMemory request was completed. (0x12B)
[1108/194732.718:WARNING:pe_image_reader.cc(340)] could not read dos header from C:\WINDOWS\System32\cfgmgr32.dll
[1108/194732.718:ERROR:process_memory_win.cc(73)] ReadMemory at 0x7ffdee8e0000 of 64 bytes failed: Only part of a ReadProcessMemory or WriteProcessMemory request was completed. (0x12B)
[1108/194732.718:WARNING:pe_image_reader.cc(340)] could not read dos header from C:\WINDOWS\SYSTEM32\PROPSYS.dll
[1108/194732.719:ERROR:process_memory_win.cc(73)] ReadMemory at 0x7ffdf3730000 of 64 bytes failed: Only part of a ReadProcessMemory or WriteProcessMemory request was completed. (0x12B)
[1108/194732.719:WARNING:pe_image_reader.cc(340)] could not read dos header from C:\WINDOWS\System32\shcore.dll
[1108/194732.719:ERROR:process_memory_win.cc(73)] ReadMemory at 0x7ffdf05c0000 of 64 bytes failed: Only part of a ReadProcessMemory or WriteProcessMemory request was completed. (0x12B)
[1108/194732.719:WARNING:pe_image_reader.cc(340)] could not read dos header from C:\WINDOWS\SYSTEM32\SSPICLI.DLL
[1108/194732.719:ERROR:process_memory_win.cc(73)] ReadMemory at 0x7ffdf00a0000 of 64 bytes failed: Only part of a ReadProcessMemory or WriteProcessMemory request was completed. (0x12B)
[1108/194732.719:WARNING:pe_image_reader.cc(340)] could not read dos header from C:\WINDOWS\SYSTEM32\CRYPTBASE.DLL
[1108/194733.028:ERROR:process_memory_win.cc(73)] ReadMemory at 0x7ff742260000 of 64 bytes failed: Only part of a ReadProcessMemory or WriteProcessMemory request was completed. (0x12B)
[1108/194733.029:WARNING:pe_image_reader.cc(340)] could not read dos header from C:\Program Files (x86)\Google\Chrome\Application\chrome.exe
[1108/194733.029:ERROR:process_memory_win.cc(73)] ReadMemory at 0x7ffdf3820000 of 64 bytes failed: Only part of a ReadProcessMemory or WriteProcessMemory request was completed. (0x12B)
[1108/194733.029:WARNING:pe_image_reader.cc(340)] could not read dos header from C:\WINDOWS\SYSTEM32\ntdll.dll
[1108/194733.029:ERROR:process_memory_win.cc(73)] ReadMemory at 0x7ffdf18d0000 of 64 bytes failed: Only part of a ReadProcessMemory or WriteProcessMemory request was completed. (0x12B)
[1108/194733.029:WARNING:pe_image_reader.cc(340)] could not read dos header from C:\WINDOWS\System32\KERNEL32.DLL
[1108/194733.029:ERROR:process_memory_win.cc(73)] ReadMemory at 0x7ffdf0a20000 of 64 bytes failed: Only part of a ReadProcessMemory or WriteProcessMemory request was completed. (0x12B)
[1108/194733.029:WARNING:pe_image_reader.cc(340)] could not read dos header from C:\WINDOWS\System32\KERNELBASE.dll
[1108/194733.029:ERROR:process_memory_win.cc(73)] ReadMemory at 0x7ffdbe9d0000 of 64 bytes failed: Only part of a ReadProcessMemory or WriteProcessMemory request was completed. (0x12B)
[1108/194733.029:WARNING:pe_image_reader.cc(340)] could not read dos header from C:\Program Files (x86)\Google\Chrome\Application\85.0.4183.102\chrome_elf.dll
[1108/194733.029:ERROR:process_memory_win.cc(73)] ReadMemory at 0x7ffde8000000 of 64 bytes failed: Only part of a ReadProcessMemory or WriteProcessMemory request was completed. (0x12B)
[1108/194733.030:WARNING:pe_image_reader.cc(340)] could not read dos header from C:\WINDOWS\SYSTEM32\VERSION.dll
[1108/194733.030:ERROR:process_memory_win.cc(73)] ReadMemory at 0x7ffdf35c0000 of 64 bytes failed: Only part of a ReadProcessMemory or WriteProcessMemory request was completed. (0x12B)
[1108/194733.030:WARNING:pe_image_reader.cc(340)] could not read dos header from C:\WINDOWS\System32\msvcrt.dll
[1108/194733.030:ERROR:process_memory_win.cc(73)] ReadMemory at 0x7ffdf1600000 of 64 bytes failed: Only part of a ReadProcessMemory or WriteProcessMemory request was completed. (0x12B)
[1108/194733.030:WARNING:pe_image_reader.cc(340)] could not read dos header from C:\WINDOWS\System32\bcryptPrimitives.dll
[1108/194733.030:ERROR:process_memory_win.cc(73)] ReadMemory at 0x7ffdf2ef0000 of 64 bytes failed: Only part of a ReadProcessMemory or WriteProcessMemory request was completed. (0x12B)
[1108/194733.030:WARNING:pe_image_reader.cc(340)] could not read dos header from C:\WINDOWS\System32\ADVAPI32.dll
[1108/194733.030:ERROR:process_memory_win.cc(73)] ReadMemory at 0x19dda0a0000 of 64 bytes failed: Only part of a ReadProcessMemory or WriteProcessMemory request was completed. (0x12B)
[1108/194733.030:WARNING:pe_image_reader.cc(340)] could not read dos header from C:\WINDOWS\System32\sechost.dll
[1108/194733.030:ERROR:process_memory_win.cc(73)] ReadMemory at 0x7ffdf3300000 of 64 bytes failed: Only part of a ReadProcessMemory or WriteProcessMemory request was completed. (0x12B)
[1108/194733.030:WARNING:pe_image_reader.cc(340)] could not read dos header from C:\WINDOWS\System32\RPCRT4.dll
[1108/194733.031:ERROR:process_memory_win.cc(73)] ReadMemory at 0x7ffd8c120000 of 64 bytes failed: Only part of a ReadProcessMemory or WriteProcessMemory request was completed. (0x12B)
[1108/194733.031:WARNING:pe_image_reader.cc(340)] could not read dos header from C:\Program Files (x86)\Google\Chrome\Application\85.0.4183.102\chrome.dll
[1108/194733.031:ERROR:process_memory_win.cc(73)] ReadMemory at 0x7ffdf2fd0000 of 64 bytes failed: Only part of a ReadProcessMemory or WriteProcessMemory request was completed. (0x12B)
[1108/194733.031:WARNING:pe_image_reader.cc(340)] could not read dos header from C:\WINDOWS\System32\WS2_32.dll
[1108/194733.031:ERROR:process_memory_win.cc(73)] ReadMemory at 0x7ffdf3660000 of 64 bytes failed: Only part of a ReadProcessMemory or WriteProcessMemory request was completed. (0x12B)
[1108/194733.031:WARNING:pe_image_reader.cc(340)] could not read dos header from C:\WINDOWS\System32\OLEAUT32.dll
[1108/194733.031:ERROR:process_memory_win.cc(73)] ReadMemory at 0x7ffdf07f0000 of 64 bytes failed: Only part of a ReadProcessMemory or WriteProcessMemory request was completed. (0x12B)
[1108/194733.031:WARNING:pe_image_reader.cc(340)] could not read dos header from C:\WINDOWS\System32\msvcp_win.dll
[1108/194733.031:ERROR:process_memory_win.cc(73)] ReadMemory at 0x7ffdf0920000 of 64 bytes failed: Only part of a ReadProcessMemory or WriteProcessMemory request was completed. (0x12B)
[1108/194733.031:WARNING:pe_image_reader.cc(340)] could not read dos header from C:\WINDOWS\System32\ucrtbase.dll
[1108/194733.032:ERROR:process_memory_win.cc(73)] ReadMemory at 0x7ffdf2120000 of 64 bytes failed: Only part of a ReadProcessMemory or WriteProcessMemory request was completed. (0x12B)
[1108/194733.032:WARNING:pe_image_reader.cc(340)] could not read dos header from C:\WINDOWS\System32\combase.dll
[1108/194733.032:ERROR:process_memory_win.cc(73)] ReadMemory at 0x7ffdf0890000 of 64 bytes failed: Only part of a ReadProcessMemory or WriteProcessMemory request was completed. (0x12B)
[1108/194733.032:WARNING:pe_image_reader.cc(340)] could not read dos header from C:\WINDOWS\System32\WINTRUST.dll
[1108/194733.032:ERROR:process_memory_win.cc(73)] ReadMemory at 0x7ffdf0700000 of 64 bytes failed: Only part of a ReadProcessMemory or WriteProcessMemory request was completed. (0x12B)
[1108/194733.032:WARNING:pe_image_reader.cc(340)] could not read dos header from C:\WINDOWS\System32\MSASN1.dll
[1108/194733.032:ERROR:process_memory_win.cc(73)] ReadMemory at 0x7ffdf0cd0000 of 64 bytes failed: Only part of a ReadProcessMemory or WriteProcessMemory request was completed. (0x12B)
[1108/194733.032:WARNING:pe_image_reader.cc(340)] could not read dos header from C:\WINDOWS\System32\CRYPT32.dll
[1108/194733.032:ERROR:process_memory_win.cc(73)] ReadMemory at 0x7ffdefbe0000 of 64 bytes failed: Only part of a ReadProcessMemory or WriteProcessMemory request was completed. (0x12B)
[1108/194733.033:WARNING:pe_image_reader.cc(340)] could not read dos header from C:\WINDOWS\SYSTEM32\IPHLPAPI.DLL
[1108/194733.033:ERROR:process_memory_win.cc(73)] ReadMemory at 0x7ffdedd90000 of 64 bytes failed: Only part of a ReadProcessMemory or WriteProcessMemory request was completed. (0x12B)
[1108/194733.033:WARNING:pe_image_reader.cc(340)] could not read dos header from C:\WINDOWS\SYSTEM32\WINMM.dll
[1108/194733.033:ERROR:process_memory_win.cc(73)] ReadMemory at 0x7ffdc2c80000 of 64 bytes failed: Only part of a ReadProcessMemory or WriteProcessMemory request was completed. (0x12B)
[1108/194733.033:WARNING:pe_image_reader.cc(340)] could not read dos header from C:\WINDOWS\SYSTEM32\UIAutomationCore.DLL
[1108/194733.033:ERROR:process_memory_win.cc(73)] ReadMemory at 0x7ffddddc0000 of 64 bytes failed: Only part of a ReadProcessMemory or WriteProcessMemory request was completed. (0x12B)
[1108/194733.033:WARNING:pe_image_reader.cc(340)] could not read dos header from C:\WINDOWS\SYSTEM32\Secur32.dll
[1108/194733.033:ERROR:process_memory_win.cc(73)] ReadMemory at 0x7ffdf05f0000 of 64 bytes failed: Only part of a ReadProcessMemory or WriteProcessMemory request was completed. (0x12B)
[1108/194733.033:WARNING:pe_image_reader.cc(340)] could not read dos header from C:\WINDOWS\SYSTEM32\USERENV.dll
[1108/194733.033:ERROR:process_memory_win.cc(73)] ReadMemory at 0x7ffdf0770000 of 64 bytes failed: Only part of a ReadProcessMemory or WriteProcessMemory request was completed. (0x12B)
[1108/194733.033:WARNING:pe_image_reader.cc(340)] could not read dos header from C:\WINDOWS\System32\profapi.dll
[1108/194733.034:ERROR:process_memory_win.cc(73)] ReadMemory at 0x7ffde0e70000 of 64 bytes failed: Only part of a ReadProcessMemory or WriteProcessMemory request was completed. (0x12B)
[1108/194733.034:WARNING:pe_image_reader.cc(340)] could not read dos header from C:\WINDOWS\SYSTEM32\DWrite.dll
[1108/194733.034:ERROR:process_memory_win.cc(73)] ReadMemory at 0x7ffde9bd0000 of 64 bytes failed: Only part of a ReadProcessMemory or WriteProcessMemory request was completed. (0x12B)
[1108/194733.034:WARNING:pe_image_reader.cc(340)] could not read dos header from C:\WINDOWS\SYSTEM32\WINSPOOL.DRV
[1108/194733.034:ERROR:process_memory_win.cc(73)] ReadMemory at 0x7ffdf06e0000 of 64 bytes failed: Only part of a ReadProcessMemory or WriteProcessMemory request was completed. (0x12B)
[1108/194733.034:WARNING:pe_image_reader.cc(340)] could not read dos header from C:\WINDOWS\System32\kernel.appcore.dll
[1108/194733.034:ERROR:process_memory_win.cc(73)] ReadMemory at 0x7ffdf15b0000 of 64 bytes failed: Only part of a ReadProcessMemory or WriteProcessMemory request was completed. (0x12B)
[1108/194733.034:WARNING:pe_image_reader.cc(340)] could not read dos header from C:\WINDOWS\System32\bcrypt.dll
[1108/194733.034:ERROR:process_memory_win.cc(73)] ReadMemory at 0x7ffdeee90000 of 64 bytes failed: Only part of a ReadProcessMemory or WriteProcessMemory request was completed. (0x12B)
[1108/194733.035:WARNING:pe_image_reader.cc(340)] could not read dos header from C:\WINDOWS\SYSTEM32\dbghelp.dll
[1108/194733.035:ERROR:process_memory_win.cc(73)] ReadMemory at 0x7ffde87f0000 of 64 bytes failed: Only part of a ReadProcessMemory or WriteProcessMemory request was completed. (0x12B)
[1108/194733.035:WARNING:pe_image_reader.cc(340)] could not read dos header from C:\WINDOWS\SYSTEM32\WINHTTP.dll
[1108/194733.035:ERROR:process_memory_win.cc(73)] ReadMemory at 0x7ffde7ee0000 of 64 bytes failed: Only part of a ReadProcessMemory or WriteProcessMemory request was completed. (0x12B)
[1108/194733.035:WARNING:pe_image_reader.cc(340)] could not read dos header from C:\WINDOWS\SYSTEM32\dhcpcsvc.DLL
[1108/194733.035:ERROR:process_memory_win.cc(73)] ReadMemory at 0x7ffdf1f50000 of 64 bytes failed: Only part of a ReadProcessMemory or WriteProcessMemory request was completed. (0x12B)
[1108/194733.035:WARNING:pe_image_reader.cc(340)] could not read dos header from C:\WINDOWS\System32\NSI.dll
[1108/194733.035:ERROR:process_memory_win.cc(73)] ReadMemory at 0x7ffdedd60000 of 64 bytes failed: Only part of a ReadProcessMemory or WriteProcessMemory request was completed. (0x12B)
[1108/194733.035:WARNING:pe_image_reader.cc(340)] could not read dos header from C:\WINDOWS\SYSTEM32\WINMMBASE.dll
[1108/194733.035:ERROR:process_memory_win.cc(73)] ReadMemory at 0x7ffdf07a0000 of 64 bytes failed: Only part of a ReadProcessMemory or WriteProcessMemory request was completed. (0x12B)
[1108/194733.035:WARNING:pe_image_reader.cc(340)] could not read dos header from C:\WINDOWS\System32\cfgmgr32.dll
[1108/194733.035:ERROR:process_memory_win.cc(73)] ReadMemory at 0x7ffdee8e0000 of 64 bytes failed: Only part of a ReadProcessMemory or WriteProcessMemory request was completed. (0x12B)
[1108/194733.036:WARNING:pe_image_reader.cc(340)] could not read dos header from C:\WINDOWS\SYSTEM32\PROPSYS.dll
[1108/194733.036:ERROR:process_memory_win.cc(73)] ReadMemory at 0x7ffdf3730000 of 64 bytes failed: Only part of a ReadProcessMemory or WriteProcessMemory request was completed. (0x12B)
[1108/194733.036:WARNING:pe_image_reader.cc(340)] could not read dos header from C:\WINDOWS\System32\shcore.dll
[1108/194733.036:ERROR:process_memory_win.cc(73)] ReadMemory at 0x7ffdf05c0000 of 64 bytes failed: Only part of a ReadProcessMemory or WriteProcessMemory request was completed. (0x12B)
[1108/194733.036:WARNING:pe_image_reader.cc(340)] could not read dos header from C:\WINDOWS\SYSTEM32\SSPICLI.DLL
[1108/194733.036:ERROR:process_memory_win.cc(73)] ReadMemory at 0x7ffdf00a0000 of 64 bytes failed: Only part of a ReadProcessMemory or WriteProcessMemory request was completed. (0x12B)
[1108/194733.036:WARNING:pe_image_reader.cc(340)] could not read dos header from C:\WINDOWS\SYSTEM32\CRYPTBASE.DLL
[1108/194733.036:ERROR:process_memory_win.cc(73)] ReadMemory at 0x7ff742260000 of 64 bytes failed: Only part of a ReadProcessMemory or WriteProcessMemory request was completed. (0x12B)
[1108/194733.036:WARNING:pe_image_reader.cc(340)] could not read dos header from C:\Program Files (x86)\Google\Chrome\Application\chrome.exe
[1108/194733.036:ERROR:process_memory_win.cc(73)] ReadMemory at 0x7ffdf3820000 of 64 bytes failed: Only part of a ReadProcessMemory or WriteProcessMemory request was completed. (0x12B)
[1108/194733.036:WARNING:pe_image_reader.cc(340)] could not read dos header from C:\WINDOWS\SYSTEM32\ntdll.dll
[1108/194733.036:ERROR:process_memory_win.cc(73)] ReadMemory at 0x7ffdf18d0000 of 64 bytes failed: Only part of a ReadProcessMemory or WriteProcessMemory request was completed. (0x12B)
[1108/194733.037:WARNING:pe_image_reader.cc(340)] could not read dos header from C:\WINDOWS\System32\KERNEL32.DLL
[1108/194733.037:ERROR:process_memory_win.cc(73)] ReadMemory at 0x7ffdf0a20000 of 64 bytes failed: Only part of a ReadProcessMemory or WriteProcessMemory request was completed. (0x12B)
[1108/194733.037:WARNING:pe_image_reader.cc(340)] could not read dos header from C:\WINDOWS\System32\KERNELBASE.dll
[1108/194733.037:ERROR:process_memory_win.cc(73)] ReadMemory at 0x7ffdbe9d0000 of 64 bytes failed: Only part of a ReadProcessMemory or WriteProcessMemory request was completed. (0x12B)
[1108/194733.037:WARNING:pe_image_reader.cc(340)] could not read dos header from C:\Program Files (x86)\Google\Chrome\Application\85.0.4183.102\chrome_elf.dll
[1108/194733.037:ERROR:process_memory_win.cc(73)] ReadMemory at 0x7ffde8000000 of 64 bytes failed: Only part of a ReadProcessMemory or WriteProcessMemory request was completed. (0x12B)
[1108/194733.037:WARNING:pe_image_reader.cc(340)] could not read dos header from C:\WINDOWS\SYSTEM32\VERSION.dll
[1108/194733.037:ERROR:process_memory_win.cc(73)] ReadMemory at 0x7ffdf35c0000 of 64 bytes failed: Only part of a ReadProcessMemory or WriteProcessMemory request was completed. (0x12B)
[1108/194733.037:WARNING:pe_image_reader.cc(340)] could not read dos header from C:\WINDOWS\System32\msvcrt.dll
[1108/194733.038:ERROR:process_memory_win.cc(73)] ReadMemory at 0x7ffdf1600000 of 64 bytes failed: Only part of a ReadProcessMemory or WriteProcessMemory request was completed. (0x12B)
[1108/194733.038:WARNING:pe_image_reader.cc(340)] could not read dos header from C:\WINDOWS\System32\bcryptPrimitives.dll
[1108/194733.038:ERROR:process_memory_win.cc(73)] ReadMemory at 0x7ffdf2ef0000 of 64 bytes failed: Only part of a ReadProcessMemory or WriteProcessMemory request was completed. (0x12B)
[1108/194733.038:WARNING:pe_image_reader.cc(340)] could not read dos header from C:\WINDOWS\System32\ADVAPI32.dll
[1108/194733.038:ERROR:process_memory_win.cc(73)] ReadMemory at 0x19dda0a0000 of 64 bytes failed: Only part of a ReadProcessMemory or WriteProcessMemory request was completed. (0x12B)
[1108/194733.038:WARNING:pe_image_reader.cc(340)] could not read dos header from C:\WINDOWS\System32\sechost.dll
[1108/194733.038:ERROR:process_memory_win.cc(73)] ReadMemory at 0x7ffdf3300000 of 64 bytes failed: Only part of a ReadProcessMemory or WriteProcessMemory request was completed. (0x12B)
[1108/194733.038:WARNING:pe_image_reader.cc(340)] could not read dos header from C:\WINDOWS\System32\RPCRT4.dll
[1108/194733.038:ERROR:process_memory_win.cc(73)] ReadMemory at 0x7ffd8c120000 of 64 bytes failed: Only part of a ReadProcessMemory or WriteProcessMemory request was completed. (0x12B)
[1108/194733.038:WARNING:pe_image_reader.cc(340)] could not read dos header from C:\Program Files (x86)\Google\Chrome\Application\85.0.4183.102\chrome.dll
[1108/194733.038:ERROR:process_memory_win.cc(73)] ReadMemory at 0x7ffdf2fd0000 of 64 bytes failed: Only part of a ReadProcessMemory or WriteProcessMemory request was completed. (0x12B)
[1108/194733.039:WARNING:pe_image_reader.cc(340)] could not read dos header from C:\WINDOWS\System32\WS2_32.dll
[1108/194733.039:ERROR:process_memory_win.cc(73)] ReadMemory at 0x7ffdf3660000 of 64 bytes failed: Only part of a ReadProcessMemory or WriteProcessMemory request was completed. (0x12B)
[1108/194733.039:WARNING:pe_image_reader.cc(340)] could not read dos header from C:\WINDOWS\System32\OLEAUT32.dll
[1108/194733.039:ERROR:process_memory_win.cc(73)] ReadMemory at 0x7ffdf07f0000 of 64 bytes failed: Only part of a ReadProcessMemory or WriteProcessMemory request was completed. (0x12B)
[1108/194733.039:WARNING:pe_image_reader.cc(340)] could not read dos header from C:\WINDOWS\System32\msvcp_win.dll
[1108/194733.039:ERROR:process_memory_win.cc(73)] ReadMemory at 0x7ffdf0920000 of 64 bytes failed: Only part of a ReadProcessMemory or WriteProcessMemory request was completed. (0x12B)
[1108/194733.039:WARNING:pe_image_reader.cc(340)] could not read dos header from C:\WINDOWS\System32\ucrtbase.dll
[1108/194733.039:ERROR:process_memory_win.cc(73)] ReadMemory at 0x7ffdf2120000 of 64 bytes failed: Only part of a ReadProcessMemory or WriteProcessMemory request was completed. (0x12B)
[1108/194733.039:WARNING:pe_image_reader.cc(340)] could not read dos header from C:\WINDOWS\System32\combase.dll
[1108/194733.040:ERROR:process_memory_win.cc(73)] ReadMemory at 0x7ffdf0890000 of 64 bytes failed: Only part of a ReadProcessMemory or WriteProcessMemory request was completed. (0x12B)
[1108/194733.040:WARNING:pe_image_reader.cc(340)] could not read dos header from C:\WINDOWS\System32\WINTRUST.dll
[1108/194733.040:ERROR:process_memory_win.cc(73)] ReadMemory at 0x7ffdf0700000 of 64 bytes failed: Only part of a ReadProcessMemory or WriteProcessMemory request was completed. (0x12B)
[1108/194733.040:WARNING:pe_image_reader.cc(340)] could not read dos header from C:\WINDOWS\System32\MSASN1.dll
[1108/194733.040:ERROR:process_memory_win.cc(73)] ReadMemory at 0x7ffdf0cd0000 of 64 bytes failed: Only part of a ReadProcessMemory or WriteProcessMemory request was completed. (0x12B)
[1108/194733.040:WARNING:pe_image_reader.cc(340)] could not read dos header from C:\WINDOWS\System32\CRYPT32.dll
[1108/194733.040:ERROR:process_memory_win.cc(73)] ReadMemory at 0x7ffdefbe0000 of 64 bytes failed: Only part of a ReadProcessMemory or WriteProcessMemory request was completed. (0x12B)
[1108/194733.040:WARNING:pe_image_reader.cc(340)] could not read dos header from C:\WINDOWS\SYSTEM32\IPHLPAPI.DLL
[1108/194733.040:ERROR:process_memory_win.cc(73)] ReadMemory at 0x7ffdedd90000 of 64 bytes failed: Only part of a ReadProcessMemory or WriteProcessMemory request was completed. (0x12B)
[1108/194733.040:WARNING:pe_image_reader.cc(340)] could not read dos header from C:\WINDOWS\SYSTEM32\WINMM.dll
[1108/194733.040:ERROR:process_memory_win.cc(73)] ReadMemory at 0x7ffdc2c80000 of 64 bytes failed: Only part of a ReadProcessMemory or WriteProcessMemory request was completed. (0x12B)
[1108/194733.040:WARNING:pe_image_reader.cc(340)] could not read dos header from C:\WINDOWS\SYSTEM32\UIAutomationCore.DLL
[1108/194733.041:ERROR:process_memory_win.cc(73)] ReadMemory at 0x7ffddddc0000 of 64 bytes failed: Only part of a ReadProcessMemory or WriteProcessMemory request was completed. (0x12B)
[1108/194733.041:WARNING:pe_image_reader.cc(340)] could not read dos header from C:\WINDOWS\SYSTEM32\Secur32.dll
[1108/194733.041:ERROR:process_memory_win.cc(73)] ReadMemory at 0x7ffdf05f0000 of 64 bytes failed: Only part of a ReadProcessMemory or WriteProcessMemory request was completed. (0x12B)
[1108/194733.041:WARNING:pe_image_reader.cc(340)] could not read dos header from C:\WINDOWS\SYSTEM32\USERENV.dll
[1108/194733.041:ERROR:process_memory_win.cc(73)] ReadMemory at 0x7ffdf0770000 of 64 bytes failed: Only part of a ReadProcessMemory or WriteProcessMemory request was completed. (0x12B)
[1108/194733.041:WARNING:pe_image_reader.cc(340)] could not read dos header from C:\WINDOWS\System32\profapi.dll
[1108/194733.041:ERROR:process_memory_win.cc(73)] ReadMemory at 0x7ffde0e70000 of 64 bytes failed: Only part of a ReadProcessMemory or WriteProcessMemory request was completed. (0x12B)
[1108/194733.041:WARNING:pe_image_reader.cc(340)] could not read dos header from C:\WINDOWS\SYSTEM32\DWrite.dll
[1108/194733.041:ERROR:process_memory_win.cc(73)] ReadMemory at 0x7ffde9bd0000 of 64 bytes failed: Only part of a ReadProcessMemory or WriteProcessMemory request was completed. (0x12B)
[1108/194733.041:WARNING:pe_image_reader.cc(340)] could not read dos header from C:\WINDOWS\SYSTEM32\WINSPOOL.DRV
[1108/194733.041:ERROR:process_memory_win.cc(73)] ReadMemory at 0x7ffdf06e0000 of 64 bytes failed: Only part of a ReadProcessMemory or WriteProcessMemory request was completed. (0x12B)
[1108/194733.042:WARNING:pe_image_reader.cc(340)] could not read dos header from C:\WINDOWS\System32\kernel.appcore.dll
[1108/194733.042:ERROR:process_memory_win.cc(73)] ReadMemory at 0x7ffdf15b0000 of 64 bytes failed: Only part of a ReadProcessMemory or WriteProcessMemory request was completed. (0x12B)
[1108/194733.042:WARNING:pe_image_reader.cc(340)] could not read dos header from C:\WINDOWS\System32\bcrypt.dll
[1108/194733.042:ERROR:process_memory_win.cc(73)] ReadMemory at 0x7ffdeee90000 of 64 bytes failed: Only part of a ReadProcessMemory or WriteProcessMemory request was completed. (0x12B)
[1108/194733.042:WARNING:pe_image_reader.cc(340)] could not read dos header from C:\WINDOWS\SYSTEM32\dbghelp.dll
[1108/194733.042:ERROR:process_memory_win.cc(73)] ReadMemory at 0x7ffde87f0000 of 64 bytes failed: Only part of a ReadProcessMemory or WriteProcessMemory request was completed. (0x12B)
[1108/194733.042:WARNING:pe_image_reader.cc(340)] could not read dos header from C:\WINDOWS\SYSTEM32\WINHTTP.dll
[1108/194733.042:ERROR:process_memory_win.cc(73)] ReadMemory at 0x7ffde7ee0000 of 64 bytes failed: Only part of a ReadProcessMemory or WriteProcessMemory request was completed. (0x12B)
[1108/194733.042:WARNING:pe_image_reader.cc(340)] could not read dos header from C:\WINDOWS\SYSTEM32\dhcpcsvc.DLL
[1108/194733.042:ERROR:process_memory_win.cc(73)] ReadMemory at 0x7ffdf1f50000 of 64 bytes failed: Only part of a ReadProcessMemory or WriteProcessMemory request was completed. (0x12B)
[1108/194733.042:WARNING:pe_image_reader.cc(340)] could not read dos header from C:\WINDOWS\System32\NSI.dll
[1108/194733.043:ERROR:process_memory_win.cc(73)] ReadMemory at 0x7ffdedd60000 of 64 bytes failed: Only part of a ReadProcessMemory or WriteProcessMemory request was completed. (0x12B)
[1108/194733.043:WARNING:pe_image_reader.cc(340)] could not read dos header from C:\WINDOWS\SYSTEM32\WINMMBASE.dll
[1108/194733.043:ERROR:process_memory_win.cc(73)] ReadMemory at 0x7ffdf07a0000 of 64 bytes failed: Only part of a ReadProcessMemory or WriteProcessMemory request was completed. (0x12B)
[1108/194733.043:WARNING:pe_image_reader.cc(340)] could not read dos header from C:\WINDOWS\System32\cfgmgr32.dll
[1108/194733.043:ERROR:process_memory_win.cc(73)] ReadMemory at 0x7ffdee8e0000 of 64 bytes failed: Only part of a ReadProcessMemory or WriteProcessMemory request was completed. (0x12B)
[1108/194733.043:WARNING:pe_image_reader.cc(340)] could not read dos header from C:\WINDOWS\SYSTEM32\PROPSYS.dll
[1108/194733.043:ERROR:process_memory_win.cc(73)] ReadMemory at 0x7ffdf3730000 of 64 bytes failed: Only part of a ReadProcessMemory or WriteProcessMemory request was completed. (0x12B)
[1108/194733.043:WARNING:pe_image_reader.cc(340)] could not read dos header from C:\WINDOWS\System32\shcore.dll
[1108/194733.043:ERROR:process_memory_win.cc(73)] ReadMemory at 0x7ffdf05c0000 of 64 bytes failed: Only part of a ReadProcessMemory or WriteProcessMemory request was completed. (0x12B)
[1108/194733.043:WARNING:pe_image_reader.cc(340)] could not read dos header from C:\WINDOWS\SYSTEM32\SSPICLI.DLL
[1108/194733.043:ERROR:process_memory_win.cc(73)] ReadMemory at 0x7ffdf00a0000 of 64 bytes failed: Only part of a ReadProcessMemory or WriteProcessMemory request was completed. (0x12B)
[1108/194733.043:WARNING:pe_image_reader.cc(340)] could not read dos header from C:\WINDOWS\SYSTEM32\CRYPTBASE.DLL
[1108/194733.123:ERROR:process_memory_win.cc(73)] ReadMemory at 0x17bbe7000 of 102400 bytes failed: Only part of a ReadProcessMemory or WriteProcessMemory request was completed. (0x12B)
[1108/194733.187:ERROR:process_memory_win.cc(73)] ReadMemory at 0x17c3fd000 of 12288 bytes failed: Only part of a ReadProcessMemory or WriteProcessMemory request was completed. (0x12B)
[1108/194733.188:ERROR:process_memory_win.cc(73)] ReadMemory at 0x17d3fc000 of 16384 bytes failed: Only part of a ReadProcessMemory or WriteProcessMemory request was completed. (0x12B)
[1108/194733.188:ERROR:process_memory_win.cc(73)] ReadMemory at 0x17dbfc000 of 16384 bytes failed: Only part of a ReadProcessMemory or WriteProcessMemory request was completed. (0x12B)
[1108/194733.188:ERROR:process_memory_win.cc(73)] ReadMemory at 0x17e3ff000 of 4096 bytes failed: Only part of a ReadProcessMemory or WriteProcessMemory request was completed. (0x12B)
[1108/194733.189:ERROR:process_memory_win.cc(73)] ReadMemory at 0x17ebfd000 of 12288 bytes failed: Only part of a ReadProcessMemory or WriteProcessMemory request was completed. (0x12B)
[1108/194733.189:ERROR:process_memory_win.cc(73)] ReadMemory at 0x17f3fc000 of 16384 bytes failed: Only part of a ReadProcessMemory or WriteProcessMemory request was completed. (0x12B)
[1108/194733.189:ERROR:process_memory_win.cc(73)] ReadMemory at 0x17fbfd000 of 12288 bytes failed: Only part of a ReadProcessMemory or WriteProcessMemory request was completed. (0x12B)
[1108/194733.189:ERROR:process_memory_win.cc(73)] ReadMemory at 0x1007fc000 of 16384 bytes failed: Only part of a ReadProcessMemory or WriteProcessMemory request was completed. (0x12B)
[1108/194733.189:ERROR:process_memory_win.cc(73)] ReadMemory at 0x100ffb000 of 20480 bytes failed: Only part of a ReadProcessMemory or WriteProcessMemory request was completed. (0x12B)
[1108/194733.190:ERROR:process_memory_win.cc(73)] ReadMemory at 0x1017fc000 of 16384 bytes failed: Only part of a ReadProcessMemory or WriteProcessMemory request was completed. (0x12B)
[1108/194733.190:ERROR:process_memory_win.cc(73)] ReadMemory at 0x101ffd000 of 12288 bytes failed: Only part of a ReadProcessMemory or WriteProcessMemory request was completed. (0x12B)
[1108/194733.190:ERROR:process_memory_win.cc(73)] ReadMemory at 0x1037fa000 of 24576 bytes failed: Only part of a ReadProcessMemory or WriteProcessMemory request was completed. (0x12B)
[1108/194733.190:ERROR:process_memory_win.cc(73)] ReadMemory at 0x103ffe000 of 8192 bytes failed: Only part of a ReadProcessMemory or WriteProcessMemory request was completed. (0x12B)
[1108/194733.190:ERROR:process_memory_win.cc(73)] ReadMemory at 0x1047fe000 of 8192 bytes failed: Only part of a ReadProcessMemory or WriteProcessMemory request was completed. (0x12B)
[1108/194733.191:ERROR:process_memory_win.cc(73)] ReadMemory at 0x1027ff000 of 4096 bytes failed: Only part of a ReadProcessMemory or WriteProcessMemory request was completed. (0x12B)
[1108/194733.191:ERROR:process_memory_win.cc(73)] ReadMemory at 0x17b383000 of 852 bytes failed: Only part of a ReadProcessMemory or WriteProcessMemory request was completed. (0x12B)
[1108/194733.191:ERROR:process_memory_win.cc(73)] ReadMemory at 0x17b384000 of 6024 bytes failed: Only part of a ReadProcessMemory or WriteProcessMemory request was completed. (0x12B)
[1108/194733.191:ERROR:process_memory_win.cc(73)] ReadMemory at 0x17b386000 of 6024 bytes failed: Only part of a ReadProcessMemory or WriteProcessMemory request was completed. (0x12B)
[1108/194733.191:ERROR:process_memory_win.cc(73)] ReadMemory at 0x17b38a000 of 6024 bytes failed: Only part of a ReadProcessMemory or WriteProcessMemory request was completed. (0x12B)
[1108/194733.192:ERROR:process_memory_win.cc(73)] ReadMemory at 0x17b38c000 of 6024 bytes failed: Only part of a ReadProcessMemory or WriteProcessMemory request was completed. (0x12B)
[1108/194733.192:ERROR:process_memory_win.cc(73)] ReadMemory at 0x17b38e000 of 6024 bytes failed: Only part of a ReadProcessMemory or WriteProcessMemory request was completed. (0x12B)
[1108/194733.192:ERROR:process_memory_win.cc(73)] ReadMemory at 0x17b390000 of 6024 bytes failed: Only part of a ReadProcessMemory or WriteProcessMemory request was completed. (0x12B)
[1108/194733.192:ERROR:process_memory_win.cc(73)] ReadMemory at 0x17b392000 of 6024 bytes failed: Only part of a ReadProcessMemory or WriteProcessMemory request was completed. (0x12B)
[1108/194733.192:ERROR:process_memory_win.cc(73)] ReadMemory at 0x17b394000 of 6024 bytes failed: Only part of a ReadProcessMemory or WriteProcessMemory request was completed. (0x12B)
[1108/194733.193:ERROR:process_memory_win.cc(73)] ReadMemory at 0x17b396000 of 6024 bytes failed: Only part of a ReadProcessMemory or WriteProcessMemory request was completed. (0x12B)
[1108/194733.193:ERROR:process_memory_win.cc(73)] ReadMemory at 0x17b398000 of 6024 bytes failed: Only part of a ReadProcessMemory or WriteProcessMemory request was completed. (0x12B)
[1108/194733.193:ERROR:process_memory_win.cc(73)] ReadMemory at 0x17b39a000 of 6024 bytes failed: Only part of a ReadProcessMemory or WriteProcessMemory request was completed. (0x12B)
[1108/194733.193:ERROR:process_memory_win.cc(73)] ReadMemory at 0x17b3a2000 of 6024 bytes failed: Only part of a ReadProcessMemory or WriteProcessMemory request was completed. (0x12B)
[1108/194733.193:ERROR:process_memory_win.cc(73)] ReadMemory at 0x17b3a6000 of 6024 bytes failed: Only part of a ReadProcessMemory or WriteProcessMemory request was completed. (0x12B)
[1108/194733.194:ERROR:process_memory_win.cc(73)] ReadMemory at 0x17b3ac000 of 6024 bytes failed: Only part of a ReadProcessMemory or WriteProcessMemory request was completed. (0x12B)
[1108/194733.194:ERROR:process_memory_win.cc(73)] ReadMemory at 0x17b3ae000 of 6024 bytes failed: Only part of a ReadProcessMemory or WriteProcessMemory request was completed. (0x12B)
[1108/194733.194:ERROR:process_memory_win.cc(73)] ReadMemory at 0x17b3b0000 of 6024 bytes failed: Only part of a ReadProcessMemory or WriteProcessMemory request was completed. (0x12B)
[1108/194733.194:ERROR:process_memory_win.cc(73)] ReadMemory at 0x19dd9c60ad0 of 512 bytes failed: Only part of a ReadProcessMemory or WriteProcessMemory request was completed. (0x12B)
[1108/194733.194:ERROR:process_memory_win.cc(73)] ReadMemory at 0x19dd9c60fe0 of 5366 bytes failed: Only part of a ReadProcessMemory or WriteProcessMemory request was completed. (0x12B)
[1108/194733.194:ERROR:process_memory_win.cc(73)] ReadMemory at 0x19dd9c624e0 of 1012 bytes failed: Only part of a ReadProcessMemory or WriteProcessMemory request was completed. (0x12B)
[1108/194733.195:ERROR:process_memory_win.cc(73)] ReadMemory at 0x19dd9c62b28 of 118 bytes failed: Only part of a ReadProcessMemory or WriteProcessMemory request was completed. (0x12B)
[1108/194733.195:ERROR:process_memory_win.cc(73)] ReadMemory at 0x19dd9c62ba0 of 760 bytes failed: Only part of a ReadProcessMemory or WriteProcessMemory request was completed. (0x12B)
[1108/194733.195:ERROR:process_memory_win.cc(73)] ReadMemory at 0x19dd9c62e9a of 118 bytes failed: Only part of a ReadProcessMemory or WriteProcessMemory request was completed. (0x12B)
[1108/194733.195:ERROR:process_memory_win.cc(73)] ReadMemory at 0x19dd9c62f12 of 98 bytes failed: Only part of a ReadProcessMemory or WriteProcessMemory request was completed. (0x12B)
[1108/194733.195:ERROR:process_memory_win.cc(73)] ReadMemory at 0x19dd9c62f80 of 58 bytes failed: Only part of a ReadProcessMemory or WriteProcessMemory request was completed. (0x12B)
[1108/194733.196:ERROR:process_memory_win.cc(73)] ReadMemory at 0x19dd9c63080 of 132 bytes failed: Only part of a ReadProcessMemory or WriteProcessMemory request was completed. (0x12B)
[1108/194733.196:ERROR:process_memory_win.cc(73)] ReadMemory at 0x19dd9c63210 of 132 bytes failed: Only part of a ReadProcessMemory or WriteProcessMemory request was completed. (0x12B)
[1108/194733.196:ERROR:process_memory_win.cc(73)] ReadMemory at 0x19dd9c633d0 of 126 bytes failed: Only part of a ReadProcessMemory or WriteProcessMemory request was completed. (0x12B)
[1108/194733.196:ERROR:process_memory_win.cc(73)] ReadMemory at 0x19dd9c637b0 of 132 bytes failed: Only part of a ReadProcessMemory or WriteProcessMemory request was completed. (0x12B)
[1108/194733.196:ERROR:process_memory_win.cc(73)] ReadMemory at 0x19dd9c63940 of 64 bytes failed: Only part of a ReadProcessMemory or WriteProcessMemory request was completed. (0x12B)
[1108/194733.196:ERROR:process_memory_win.cc(73)] ReadMemory at 0x19dd9c63b00 of 132 bytes failed: Only part of a ReadProcessMemory or WriteProcessMemory request was completed. (0x12B)
[1108/194733.197:ERROR:process_memory_win.cc(73)] ReadMemory at 0x19dd9c63da0 of 132 bytes failed: Only part of a ReadProcessMemory or WriteProcessMemory request was completed. (0x12B)
[1108/194733.197:ERROR:process_memory_win.cc(73)] ReadMemory at 0x19dd9c63f30 of 68 bytes failed: Only part of a ReadProcessMemory or WriteProcessMemory request was completed. (0x12B)
[1108/194733.197:ERROR:process_memory_win.cc(73)] ReadMemory at 0x19dd9c64fd0 of 132 bytes failed: Only part of a ReadProcessMemory or WriteProcessMemory request was completed. (0x12B)
[1108/194733.197:ERROR:process_memory_win.cc(73)] ReadMemory at 0x19dd9c65160 of 154 bytes failed: Only part of a ReadProcessMemory or WriteProcessMemory request was completed. (0x12B)
[1108/194733.197:ERROR:process_memory_win.cc(73)] ReadMemory at 0x19dd9c660c0 of 132 bytes failed: Only part of a ReadProcessMemory or WriteProcessMemory request was completed. (0x12B)
[1108/194733.197:ERROR:process_memory_win.cc(73)] ReadMemory at 0x19dd9c66250 of 60 bytes failed: Only part of a ReadProcessMemory or WriteProcessMemory request was completed. (0x12B)
[1108/194733.198:ERROR:process_memory_win.cc(73)] ReadMemory at 0x19dd9c66f50 of 62 bytes failed: Only part of a ReadProcessMemory or WriteProcessMemory request was completed. (0x12B)
[1108/194733.198:ERROR:process_memory_win.cc(73)] ReadMemory at 0x19dd9c6b1d0 of 512 bytes failed: Only part of a ReadProcessMemory or WriteProcessMemory request was completed. (0x12B)
[1108/194733.198:ERROR:process_memory_win.cc(73)] ReadMemory at 0x19dd9c6e3e0 of 54 bytes failed: Only part of a ReadProcessMemory or WriteProcessMemory request was completed. (0x12B)
[1108/194733.198:ERROR:process_memory_win.cc(73)] ReadMemory at 0x19dd9c6ed00 of 62 bytes failed: Only part of a ReadProcessMemory or WriteProcessMemory request was completed. (0x12B)
[1108/194733.198:ERROR:process_memory_win.cc(73)] ReadMemory at 0x19dd9c73000 of 146 bytes failed: Only part of a ReadProcessMemory or WriteProcessMemory request was completed. (0x12B)
[1108/194733.198:ERROR:process_memory_win.cc(73)] ReadMemory at 0x19dd9c73a80 of 132 bytes failed: Only part of a ReadProcessMemory or WriteProcessMemory request was completed. (0x12B)
[1108/194733.199:ERROR:process_memory_win.cc(73)] ReadMemory at 0x19dd9c73cf0 of 132 bytes failed: Only part of a ReadProcessMemory or WriteProcessMemory request was completed. (0x12B)
[1108/194733.199:ERROR:process_memory_win.cc(73)] ReadMemory at 0x19dd9c74320 of 76 bytes failed: Only part of a ReadProcessMemory or WriteProcessMemory request was completed. (0x12B)
[1108/194733.199:ERROR:process_memory_win.cc(73)] ReadMemory at 0x19dd9c74920 of 80 bytes failed: Only part of a ReadProcessMemory or WriteProcessMemory request was completed. (0x12B)
[1108/194733.199:ERROR:process_memory_win.cc(73)] ReadMemory at 0x19dd9c74980 of 80 bytes failed: Only part of a ReadProcessMemory or WriteProcessMemory request was completed. (0x12B)
[1108/194733.199:ERROR:process_memory_win.cc(73)] ReadMemory at 0x19dd9c76f70 of 132 bytes failed: Only part of a ReadProcessMemory or WriteProcessMemory request was completed. (0x12B)
[1108/194733.200:ERROR:process_memory_win.cc(73)] ReadMemory at 0x19dd9c772d0 of 132 bytes failed: Only part of a ReadProcessMemory or WriteProcessMemory request was completed. (0x12B)
[1108/194733.200:ERROR:process_memory_win.cc(73)] ReadMemory at 0x19dd9c774e0 of 132 bytes failed: Only part of a ReadProcessMemory or WriteProcessMemory request was completed. (0x12B)
[1108/194733.200:ERROR:process_memory_win.cc(73)] ReadMemory at 0x19dd9c78150 of 132 bytes failed: Only part of a ReadProcessMemory or WriteProcessMemory request was completed. (0x12B)
[1108/194733.200:ERROR:process_memory_win.cc(73)] ReadMemory at 0x19dd9c78c10 of 132 bytes failed: Only part of a ReadProcessMemory or WriteProcessMemory request was completed. (0x12B)
[1108/194733.200:ERROR:process_memory_win.cc(73)] ReadMemory at 0x19dd9c79890 of 132 bytes failed: Only part of a ReadProcessMemory or WriteProcessMemory request was completed. (0x12B)
[1108/194733.201:ERROR:process_memory_win.cc(73)] ReadMemory at 0x19dd9c7b1c0 of 132 bytes failed: Only part of a ReadProcessMemory or WriteProcessMemory request was completed. (0x12B)
[1108/194733.201:ERROR:process_memory_win.cc(73)] ReadMemory at 0x19dd9c7b360 of 64 bytes failed: Only part of a ReadProcessMemory or WriteProcessMemory request was completed. (0x12B)
[1108/194733.201:ERROR:process_memory_win.cc(73)] ReadMemory at 0x19dd9c7b3b0 of 66 bytes failed: Only part of a ReadProcessMemory or WriteProcessMemory request was completed. (0x12B)
[1108/194733.201:ERROR:process_memory_win.cc(73)] ReadMemory at 0x19dd9c7b450 of 64 bytes failed: Only part of a ReadProcessMemory or WriteProcessMemory request was completed. (0x12B)
[1108/194733.201:ERROR:process_memory_win.cc(73)] ReadMemory at 0x19dd9c7b4a0 of 62 bytes failed: Only part of a ReadProcessMemory or WriteProcessMemory request was completed. (0x12B)
[1108/194733.202:ERROR:process_memory_win.cc(73)] ReadMemory at 0x19dd9c7b680 of 62 bytes failed: Only part of a ReadProcessMemory or WriteProcessMemory request was completed. (0x12B)
[1108/194733.202:ERROR:process_memory_win.cc(73)] ReadMemory at 0x19dd9c7b6d0 of 62 bytes failed: Only part of a ReadProcessMemory or WriteProcessMemory request was completed. (0x12B)
[1108/194733.202:ERROR:process_memory_win.cc(73)] ReadMemory at 0x19dd9c7b8b0 of 62 bytes failed: Only part of a ReadProcessMemory or WriteProcessMemory request was completed. (0x12B)
[1108/194733.202:ERROR:process_memory_win.cc(73)] ReadMemory at 0x19dd9c7b9a0 of 60 bytes failed: Only part of a ReadProcessMemory or WriteProcessMemory request was completed. (0x12B)
[1108/194733.202:ERROR:process_memory_win.cc(73)] ReadMemory at 0x19dd9c7b9f0 of 58 bytes failed: Only part of a ReadProcessMemory or WriteProcessMemory request was completed. (0x12B)
[1108/194733.202:ERROR:process_memory_win.cc(73)] ReadMemory at 0x19dd9c7ba40 of 60 bytes failed: Only part of a ReadProcessMemory or WriteProcessMemory request was completed. (0x12B)
[1108/194733.203:ERROR:process_memory_win.cc(73)] ReadMemory at 0x19dd9c7bb30 of 62 bytes failed: Only part of a ReadProcessMemory or WriteProcessMemory request was completed. (0x12B)
[1108/194733.203:ERROR:process_memory_win.cc(73)] ReadMemory at 0x19dd9c7bcc0 of 64 bytes failed: Only part of a ReadProcessMemory or WriteProcessMemory request was completed. (0x12B)
[1108/194733.203:ERROR:process_memory_win.cc(73)] ReadMemory at 0x19dd9c7bd10 of 64 bytes failed: Only part of a ReadProcessMemory or WriteProcessMemory request was completed. (0x12B)
[1108/194733.203:ERROR:process_memory_win.cc(73)] ReadMemory at 0x19dd9c7bd60 of 62 bytes failed: Only part of a ReadProcessMemory or WriteProcessMemory request was completed. (0x12B)
[1108/194733.203:ERROR:process_memory_win.cc(73)] ReadMemory at 0x19dd9c7bdb0 of 60 bytes failed: Only part of a ReadProcessMemory or WriteProcessMemory request was completed. (0x12B)
[1108/194733.203:ERROR:process_memory_win.cc(73)] ReadMemory at 0x19dd9c7be00 of 64 bytes failed: Only part of a ReadProcessMemory or WriteProcessMemory request was completed. (0x12B)
[1108/194733.204:ERROR:process_memory_win.cc(73)] ReadMemory at 0x19dd9c7bf40 of 62 bytes failed: Only part of a ReadProcessMemory or WriteProcessMemory request was completed. (0x12B)
[1108/194733.204:ERROR:process_memory_win.cc(73)] ReadMemory at 0x19dd9c7bf90 of 60 bytes failed: Only part of a ReadProcessMemory or WriteProcessMemory request was completed. (0x12B)
[1108/194733.204:ERROR:process_memory_win.cc(73)] ReadMemory at 0x19dd9c7bfe0 of 62 bytes failed: Only part of a ReadProcessMemory or WriteProcessMemory request was completed. (0x12B)
[1108/194733.204:ERROR:process_memory_win.cc(73)] ReadMemory at 0x19dd9c7c030 of 60 bytes failed: Only part of a ReadProcessMemory or WriteProcessMemory request was completed. (0x12B)
[1108/194733.204:ERROR:process_memory_win.cc(73)] ReadMemory at 0x19dd9c7c080 of 64 bytes failed: Only part of a ReadProcessMemory or WriteProcessMemory request was completed. (0x12B)
[1108/194733.205:ERROR:process_memory_win.cc(73)] ReadMemory at 0x19dd9c7c0d0 of 62 bytes failed: Only part of a ReadProcessMemory or WriteProcessMemory request was completed. (0x12B)
[1108/194733.205:ERROR:process_memory_win.cc(73)] ReadMemory at 0x19dd9c7c120 of 64 bytes failed: Only part of a ReadProcessMemory or WriteProcessMemory request was completed. (0x12B)
[1108/194733.205:ERROR:process_memory_win.cc(73)] ReadMemory at 0x19dd9c7c1c0 of 66 bytes failed: Only part of a ReadProcessMemory or WriteProcessMemory request was completed. (0x12B)
[1108/194733.205:ERROR:process_memory_win.cc(73)] ReadMemory at 0x19dd9c7c210 of 60 bytes failed: Only part of a ReadProcessMemory or WriteProcessMemory request was completed. (0x12B)
[1108/194733.205:ERROR:process_memory_win.cc(73)] ReadMemory at 0x19dd9c7c2b0 of 64 bytes failed: Only part of a ReadProcessMemory or WriteProcessMemory request was completed. (0x12B)
[1108/194733.205:ERROR:process_memory_win.cc(73)] ReadMemory at 0x19dd9c7fe40 of 132 bytes failed: Only part of a ReadProcessMemory or WriteProcessMemory request was completed. (0x12B)
[1108/194733.205:ERROR:process_memory_win.cc(73)] ReadMemory at 0x19dd9c7ffc0 of 132 bytes failed: Only part of a ReadProcessMemory or WriteProcessMemory request was completed. (0x12B)
[1108/194733.206:ERROR:process_memory_win.cc(73)] ReadMemory at 0x19dd9c80220 of 132 bytes failed: Only part of a ReadProcessMemory or WriteProcessMemory request was completed. (0x12B)
[1108/194733.206:ERROR:process_memory_win.cc(73)] ReadMemory at 0x19dd9c80350 of 132 bytes failed: Only part of a ReadProcessMemory or WriteProcessMemory request was completed. (0x12B)
[1108/194733.206:ERROR:process_memory_win.cc(73)] ReadMemory at 0x19dd9c80480 of 132 bytes failed: Only part of a ReadProcessMemory or WriteProcessMemory request was completed. (0x12B)
[1108/194733.206:ERROR:process_memory_win.cc(73)] ReadMemory at 0x19dd9c805b0 of 132 bytes failed: Only part of a ReadProcessMemory or WriteProcessMemory request was completed. (0x12B)
[1108/194733.206:ERROR:process_memory_win.cc(73)] ReadMemory at 0x19dd9c806e0 of 132 bytes failed: Only part of a ReadProcessMemory or WriteProcessMemory request was completed. (0x12B)
[1108/194733.206:ERROR:process_memory_win.cc(73)] ReadMemory at 0x19dd9c80810 of 132 bytes failed: Only part of a ReadProcessMemory or WriteProcessMemory request was completed. (0x12B)
[1108/194733.207:ERROR:process_memory_win.cc(73)] ReadMemory at 0x19dd9c80940 of 132 bytes failed: Only part of a ReadProcessMemory or WriteProcessMemory request was completed. (0x12B)
[1108/194733.207:ERROR:process_memory_win.cc(73)] ReadMemory at 0x19dd9c80a70 of 132 bytes failed: Only part of a ReadProcessMemory or WriteProcessMemory request was completed. (0x12B)
[1108/194733.207:ERROR:process_memory_win.cc(73)] ReadMemory at 0x19dd9c80ba0 of 132 bytes failed: Only part of a ReadProcessMemory or WriteProcessMemory request was completed. (0x12B)
[1108/194733.207:ERROR:process_memory_win.cc(73)] ReadMemory at 0x19dd9c80cd0 of 132 bytes failed: Only part of a ReadProcessMemory or WriteProcessMemory request was completed. (0x12B)
[1108/194733.207:ERROR:process_memory_win.cc(73)] ReadMemory at 0x19dd9c80e00 of 132 bytes failed: Only part of a ReadProcessMemory or WriteProcessMemory request was completed. (0x12B)
[1108/194733.207:ERROR:process_memory_win.cc(73)] ReadMemory at 0x19dd9c81ab0 of 132 bytes failed: Only part of a ReadProcessMemory or WriteProcessMemory request was completed. (0x12B)
[1108/194733.208:ERROR:process_memory_win.cc(73)] ReadMemory at 0x19dd9c81f70 of 132 bytes failed: Only part of a ReadProcessMemory or WriteProcessMemory request was completed. (0x12B)
[1108/194733.208:ERROR:process_memory_win.cc(73)] ReadMemory at 0x19dd9c820a0 of 132 bytes failed: Only part of a ReadProcessMemory or WriteProcessMemory request was completed. (0x12B)
[1108/194733.208:ERROR:process_memory_win.cc(73)] ReadMemory at 0x19dd9c821d0 of 132 bytes failed: Only part of a ReadProcessMemory or WriteProcessMemory request was completed. (0x12B)
[1108/194733.208:ERROR:process_memory_win.cc(73)] ReadMemory at 0x19dd9c82430 of 132 bytes failed: Only part of a ReadProcessMemory or WriteProcessMemory request was completed. (0x12B)
[1108/194733.208:ERROR:process_memory_win.cc(73)] ReadMemory at 0x19dd9c82b50 of 132 bytes failed: Only part of a ReadProcessMemory or WriteProcessMemory request was completed. (0x12B)
[1108/194733.208:ERROR:process_memory_win.cc(73)] ReadMemory at 0x19dd9c83010 of 132 bytes failed: Only part of a ReadProcessMemory or WriteProcessMemory request was completed. (0x12B)
[1108/194733.209:ERROR:process_memory_win.cc(73)] ReadMemory at 0x19dd9c83140 of 132 bytes failed: Only part of a ReadProcessMemory or WriteProcessMemory request was completed. (0x12B)
[1108/194733.209:ERROR:process_memory_win.cc(73)] ReadMemory at 0x19dd9c83270 of 132 bytes failed: Only part of a ReadProcessMemory or WriteProcessMemory request was completed. (0x12B)
[1108/194733.209:ERROR:process_memory_win.cc(73)] ReadMemory at 0x19dd9c834d0 of 132 bytes failed: Only part of a ReadProcessMemory or WriteProcessMemory request was completed. (0x12B)
[1108/194733.209:ERROR:process_memory_win.cc(73)] ReadMemory at 0x19dd9cdbd70 of 512 bytes failed: Only part of a ReadProcessMemory or WriteProcessMemory request was completed. (0x12B)
[1108/194733.209:ERROR:process_memory_win.cc(73)] ReadMemory at 0x19dd9ce15c0 of 512 bytes failed: Only part of a ReadProcessMemory or WriteProcessMemory request was completed. (0x12B)
[1108/194733.209:ERROR:process_memory_win.cc(73)] ReadMemory at 0x19dd9cee760 of 512 bytes failed: Only part of a ReadProcessMemory or WriteProcessMemory request was completed. (0x12B)
[1108/194733.210:ERROR:process_memory_win.cc(73)] ReadMemory at 0x19dd9cf0050 of 712 bytes failed: Only part of a ReadProcessMemory or WriteProcessMemory request was completed. (0x12B)
[1108/194733.210:ERROR:process_memory_win.cc(73)] ReadMemory at 0x19ddb50f310 of 512 bytes failed: Only part of a ReadProcessMemory or WriteProcessMemory request was completed. (0x12B)
[1108/194733.210:ERROR:process_memory_win.cc(73)] ReadMemory at 0x19ddb513610 of 512 bytes failed: Only part of a ReadProcessMemory or WriteProcessMemory request was completed. (0x12B)
[1108/194733.210:ERROR:process_memory_win.cc(73)] ReadMemory at 0x19ddb5190a4 of 976 bytes failed: Only part of a ReadProcessMemory or WriteProcessMemory request was completed. (0x12B)
[1108/194733.210:ERROR:process_memory_win.cc(73)] ReadMemory at 0x19ddb594ef0 of 512 bytes failed: Only part of a ReadProcessMemory or WriteProcessMemory request was completed. (0x12B)
[1108/194733.210:ERROR:process_memory_win.cc(73)] ReadMemory at 0x19ddb59c320 of 512 bytes failed: Only part of a ReadProcessMemory or WriteProcessMemory request was completed. (0x12B)
[1108/194733.211:ERROR:process_memory_win.cc(73)] ReadMemory at 0x19ddb87ff80 of 512 bytes failed: Only part of a ReadProcessMemory or WriteProcessMemory request was completed. (0x12B)
[1108/194733.211:ERROR:process_memory_win.cc(73)] ReadMemory at 0x19ddcd10dc0 of 512 bytes failed: Only part of a ReadProcessMemory or WriteProcessMemory request was completed. (0x12B)
[1108/194733.211:ERROR:process_memory_win.cc(73)] ReadMemory at 0x19ddcff3510 of 512 bytes failed: Only part of a ReadProcessMemory or WriteProcessMemory request was completed. (0x12B)
[1108/194733.211:ERROR:process_memory_win.cc(73)] ReadMemory at 0x19ddfbaade0 of 512 bytes failed: Only part of a ReadProcessMemory or WriteProcessMemory request was completed. (0x12B)
[1108/194733.211:ERROR:process_memory_win.cc(73)] ReadMemory at 0x19ddfbf8600 of 512 bytes failed: Only part of a ReadProcessMemory or WriteProcessMemory request was completed. (0x12B)
[1108/194733.211:ERROR:process_memory_win.cc(73)] ReadMemory at 0x19ddfbf9480 of 512 bytes failed: Only part of a ReadProcessMemory or WriteProcessMemory request was completed. (0x12B)
[1108/194733.212:ERROR:process_memory_win.cc(73)] ReadMemory at 0x19ddfbf9800 of 512 bytes failed: Only part of a ReadProcessMemory or WriteProcessMemory request was completed. (0x12B)
[1108/194733.212:ERROR:process_memory_win.cc(73)] ReadMemory at 0x7ffd93ee6680 of 512 bytes failed: Only part of a ReadProcessMemory or WriteProcessMemory request was completed. (0x12B)
[1108/194733.212:ERROR:process_memory_win.cc(73)] ReadMemory at 0x7ffd941f7d00 of 512 bytes failed: Only part of a ReadProcessMemory or WriteProcessMemory request was completed. (0x12B)
[1108/194733.212:ERROR:process_memory_win.cc(73)] ReadMemory at 0x7ffd9495b681 of 512 bytes failed: Only part of a ReadProcessMemory or WriteProcessMemory request was completed. (0x12B)
[1108/194733.212:ERROR:process_memory_win.cc(73)] ReadMemory at 0x7ffdbea05160 of 512 bytes failed: Only part of a ReadProcessMemory or WriteProcessMemory request was completed. (0x12B)
[1108/194733.212:ERROR:process_memory_win.cc(73)] ReadMemory at 0x7ffdbea05867 of 512 bytes failed: Only part of a ReadProcessMemory or WriteProcessMemory request was completed. (0x12B)
[1108/194733.213:ERROR:process_memory_win.cc(73)] ReadMemory at 0x7ffdf18f1f80 of 512 bytes failed: Only part of a ReadProcessMemory or WriteProcessMemory request was completed. (0x12B)
[1108/194733.213:ERROR:process_memory_win.cc(73)] ReadMemory at 0x7ffdf38bc074 of 672 bytes failed: Only part of a ReadProcessMemory or WriteProcessMemory request was completed. (0x12B)
[1108/194733.213:ERROR:process_memory_win.cc(73)] ReadMemory at 0x7ffdf38bf924 of 608 bytes failed: Only part of a ReadProcessMemory or WriteProcessMemory request was completed. (0x12B)
[1108/194733.213:ERROR:process_memory_win.cc(73)] ReadMemory at 0x7ffdf394c428 of 18 bytes failed: Only part of a ReadProcessMemory or WriteProcessMemory request was completed. (0x12B)
[1108/194733.213:ERROR:process_memory_win.cc(73)] ReadMemory at 0x7ffdf397f4f8 of 40 bytes failed: Only part of a ReadProcessMemory or WriteProcessMemory request was completed. (0x12B)
[1108/194733.213:ERROR:process_memory_win.cc(73)] ReadMemory at 0x7ffdf397f978 of 48 bytes failed: Only part of a ReadProcessMemory or WriteProcessMemory request was completed. (0x12B)
[1108/194733.214:ERROR:process_memory_win.cc(73)] ReadMemory at 0x7ffdf39853c0 of 64 bytes failed: Only part of a ReadProcessMemory or WriteProcessMemory request was completed. (0x12B)
[1108/194733.217:ERROR:scoped_process_suspend.cc(40)] NtResumeProcess: An attempt was made to access an exiting process. (0xc000010a)
